<?xml version="1.0" encoding="UTF-8"?>
<!-- Generated by org.testng.reporters.JUnitReportReporter -->
<testsuite skipped="0" hostname="sai" name="com.jbk.tests.DemoTest" tests="1" failures="0" timestamp="2021-09-18T08:26:47 IST" time="11.659" errors="0">
  <testcase name="test01" time="11.659" classname="com.jbk.tests.DemoTest"/>
  <system-out/>
</testsuite> <!-- com.jbk.tests.DemoTest -->
